2026-04-15 08:28:32,067 | INFO | trading_bot.api | Incoming API request: method=GET path=/health body=
2026-04-15 08:28:32,070 | INFO | trading_bot.api | Outgoing API response: method=GET path=/health status=200
2026-04-15 08:28:32,072 | INFO | httpx | HTTP Request: GET http://testserver/health "HTTP/1.1 200 OK"
2026-04-15 08:56:14,352 | INFO | trading_bot.orders | Preparing Binance Futures Testnet order: {'symbol': 'BTCUSDT', 'side': 'BUY', 'type': 'MARKET', 'quantity': 0.001, 'price': None}
2026-04-15 08:56:14,363 | INFO | trading_bot.orders | Binance futures_create_order payload: {'symbol': 'BTCUSDT', 'side': 'BUY', 'type': 'MARKET', 'quantity': '0.001'}
2026-04-15 08:56:16,046 | INFO | trading_bot.orders | Binance futures_create_order response: {'orderId': 13036153361, 'symbol': 'BTCUSDT', 'status': 'NEW', 'clientOrderId': 'x-Cb7ytekJd9169995e9780505887545', 'price': '0.00', 'avgPrice': '0.00', 'origQty': '0.0010', 'executedQty': '0.0000', 'cumQty': '0.0000', 'cumQuote': '0.000000', 'timeInForce': 'GTC', 'type': 'MARKET', 'reduceOnly': False, 'closePosition': False, 'side': 'BUY', 'positionSide': 'BOTH', 'stopPrice': '0.00', 'workingType': 'CONTRACT_PRICE', 'priceProtect': False, 'origType': 'MARKET', 'priceMatch': 'NONE', 'selfTradePreventionMode': 'EXPIRE_MAKER', 'goodTillDate': 0, 'updateTime': 1776223578647}
2026-04-15 08:56:16,604 | INFO | trading_bot.orders | Binance futures_get_order response: {'orderId': 13036153361, 'symbol': 'BTCUSDT', 'status': 'FILLED', 'clientOrderId': 'x-Cb7ytekJd9169995e9780505887545', 'price': '0.00', 'avgPrice': '74258.200000', 'origQty': '0.0010', 'executedQty': '0.0010', 'cumQuote': '74.258200', 'timeInForce': 'GTC', 'type': 'MARKET', 'reduceOnly': False, 'closePosition': False, 'side': 'BUY', 'positionSide': 'BOTH', 'stopPrice': '0.00', 'workingType': 'CONTRACT_PRICE', 'priceProtect': False, 'origType': 'MARKET', 'priceMatch': 'NONE', 'selfTradePreventionMode': 'EXPIRE_MAKER', 'goodTillDate': 0, 'time': 1776223578647, 'updateTime': 1776223578647}
2026-04-15 08:57:03,850 | INFO | trading_bot.api | Incoming API request: method=GET path=/docs body=
2026-04-15 08:57:03,851 | INFO | trading_bot.api | Outgoing API response: method=GET path=/docs status=200
2026-04-15 08:57:05,090 | INFO | trading_bot.api | Incoming API request: method=GET path=/openapi.json body=
2026-04-15 08:57:05,169 | INFO | trading_bot.api | Outgoing API response: method=GET path=/openapi.json status=200
2026-04-15 09:00:07,770 | INFO | trading_bot.api | Incoming API request: method=POST path=/order body={
  "symbol": "BTCUSDT",
  "side": "BUY",
  "type": "MARKET",
  "quantity": 0.001,
  "price": 65000
}
2026-04-15 09:00:07,797 | INFO | trading_bot.orders | Preparing Binance Futures Testnet order: {'symbol': 'BTCUSDT', 'side': 'BUY', 'type': 'MARKET', 'quantity': 0.001, 'price': None}
2026-04-15 09:00:07,797 | INFO | trading_bot.orders | Binance futures_create_order payload: {'symbol': 'BTCUSDT', 'side': 'BUY', 'type': 'MARKET', 'quantity': '0.001'}
2026-04-15 09:00:10,649 | INFO | trading_bot.orders | Binance futures_create_order response: {'orderId': 13036160061, 'symbol': 'BTCUSDT', 'status': 'NEW', 'clientOrderId': 'x-Cb7ytekJfc5ea9bb96d61f3eccde25', 'price': '0.00', 'avgPrice': '0.00', 'origQty': '0.0010', 'executedQty': '0.0000', 'cumQty': '0.0000', 'cumQuote': '0.000000', 'timeInForce': 'GTC', 'type': 'MARKET', 'reduceOnly': False, 'closePosition': False, 'side': 'BUY', 'positionSide': 'BOTH', 'stopPrice': '0.00', 'workingType': 'CONTRACT_PRICE', 'priceProtect': False, 'origType': 'MARKET', 'priceMatch': 'NONE', 'selfTradePreventionMode': 'EXPIRE_MAKER', 'goodTillDate': 0, 'updateTime': 1776223813130}
2026-04-15 09:00:11,753 | INFO | trading_bot.orders | Binance futures_get_order response: {'orderId': 13036160061, 'symbol': 'BTCUSDT', 'status': 'FILLED', 'clientOrderId': 'x-Cb7ytekJfc5ea9bb96d61f3eccde25', 'price': '0.00', 'avgPrice': '74256.500000', 'origQty': '0.0010', 'executedQty': '0.0010', 'cumQuote': '74.256500', 'timeInForce': 'GTC', 'type': 'MARKET', 'reduceOnly': False, 'closePosition': False, 'side': 'BUY', 'positionSide': 'BOTH', 'stopPrice': '0.00', 'workingType': 'CONTRACT_PRICE', 'priceProtect': False, 'origType': 'MARKET', 'priceMatch': 'NONE', 'selfTradePreventionMode': 'EXPIRE_MAKER', 'goodTillDate': 0, 'time': 1776223813130, 'updateTime': 1776223813130}
2026-04-15 09:00:11,754 | INFO | trading_bot.api | POST /order success: {"orderId": 13036160061, "symbol": "BTCUSDT", "side": "BUY", "type": "MARKET", "status": "FILLED", "price": "0.00", "origQty": "0.0010", "executedQty": "0.0010", "avgPrice": "74256.500000", "clientOrderId": "x-Cb7ytekJfc5ea9bb96d61f3eccde25", "updateTime": 1776223813130}
2026-04-15 09:00:11,839 | INFO | trading_bot.api | Outgoing API response: method=POST path=/order status=200
2026-04-15 09:03:04,957 | INFO | trading_bot.api | Incoming API request: method=POST path=/order body={
  "symbol": "BTCUSDT",
  "side": "BUY",
  "type": "MARKET",
  "quantity": 0.001,
  "price": 65000
}
2026-04-15 09:03:04,958 | INFO | trading_bot.orders | Preparing Binance Futures Testnet order: {'symbol': 'BTCUSDT', 'side': 'BUY', 'type': 'MARKET', 'quantity': 0.001, 'price': None}
2026-04-15 09:03:04,959 | INFO | trading_bot.orders | Binance futures_create_order payload: {'symbol': 'BTCUSDT', 'side': 'BUY', 'type': 'MARKET', 'quantity': '0.001'}
2026-04-15 09:03:05,227 | INFO | trading_bot.orders | Binance futures_create_order response: {'orderId': 13036165136, 'symbol': 'BTCUSDT', 'status': 'NEW', 'clientOrderId': 'x-Cb7ytekJ4e8880d95b69e212a1533f', 'price': '0.00', 'avgPrice': '0.00', 'origQty': '0.0010', 'executedQty': '0.0000', 'cumQty': '0.0000', 'cumQuote': '0.000000', 'timeInForce': 'GTC', 'type': 'MARKET', 'reduceOnly': False, 'closePosition': False, 'side': 'BUY', 'positionSide': 'BOTH', 'stopPrice': '0.00', 'workingType': 'CONTRACT_PRICE', 'priceProtect': False, 'origType': 'MARKET', 'priceMatch': 'NONE', 'selfTradePreventionMode': 'EXPIRE_MAKER', 'goodTillDate': 0, 'updateTime': 1776223987781}
2026-04-15 09:03:05,843 | INFO | trading_bot.orders | Binance futures_get_order response: {'orderId': 13036165136, 'symbol': 'BTCUSDT', 'status': 'FILLED', 'clientOrderId': 'x-Cb7ytekJ4e8880d95b69e212a1533f', 'price': '0.00', 'avgPrice': '74279.800000', 'origQty': '0.0010', 'executedQty': '0.0010', 'cumQuote': '74.279800', 'timeInForce': 'GTC', 'type': 'MARKET', 'reduceOnly': False, 'closePosition': False, 'side': 'BUY', 'positionSide': 'BOTH', 'stopPrice': '0.00', 'workingType': 'CONTRACT_PRICE', 'priceProtect': False, 'origType': 'MARKET', 'priceMatch': 'NONE', 'selfTradePreventionMode': 'EXPIRE_MAKER', 'goodTillDate': 0, 'time': 1776223987781, 'updateTime': 1776223987781}
2026-04-15 09:03:05,844 | INFO | trading_bot.api | POST /order success: {"orderId": 13036165136, "symbol": "BTCUSDT", "side": "BUY", "type": "MARKET", "status": "FILLED", "price": "0.00", "origQty": "0.0010", "executedQty": "0.0010", "avgPrice": "74279.800000", "clientOrderId": "x-Cb7ytekJ4e8880d95b69e212a1533f", "updateTime": 1776223987781}
2026-04-15 09:03:05,845 | INFO | trading_bot.api | Outgoing API response: method=POST path=/order status=200
2026-04-15 09:03:35,385 | INFO | trading_bot.api | Incoming API request: method=POST path=/order body={
  "symbol": "BTCUSDT",
  "side": "BUY",
  "type_type": "MARKET",
  "quantity": 0.001,
  "price": 65000
}
2026-04-15 09:03:35,554 | INFO | trading_bot.api | Outgoing API response: method=POST path=/order status=422
2026-04-15 09:07:41,644 | INFO | trading_bot.api | Incoming API request: method=GET path=/health body=
2026-04-15 09:07:41,679 | INFO | trading_bot.api | Outgoing API response: method=GET path=/health status=200
2026-04-15 09:08:39,494 | INFO | trading_bot.api | Incoming API request: method=POST path=/order body={
  "symbol": "BTCUSDT",
  "side": "BUY",
  "type": "MARKET",
  "quantity": 0.001,
  "price": 65000
}
2026-04-15 09:08:39,496 | INFO | trading_bot.orders | Preparing Binance Futures Testnet order: {'symbol': 'BTCUSDT', 'side': 'BUY', 'type': 'MARKET', 'quantity': 0.001, 'price': None}
2026-04-15 09:08:39,497 | INFO | trading_bot.orders | Binance futures_create_order payload: {'symbol': 'BTCUSDT', 'side': 'BUY', 'type': 'MARKET', 'quantity': '0.001'}
2026-04-15 09:08:41,862 | INFO | trading_bot.orders | Binance futures_create_order response: {'orderId': 13036175662, 'symbol': 'BTCUSDT', 'status': 'NEW', 'clientOrderId': 'x-Cb7ytekJ368898df4d84d3e33e40c8', 'price': '0.00', 'avgPrice': '0.00', 'origQty': '0.0010', 'executedQty': '0.0000', 'cumQty': '0.0000', 'cumQuote': '0.000000', 'timeInForce': 'GTC', 'type': 'MARKET', 'reduceOnly': False, 'closePosition': False, 'side': 'BUY', 'positionSide': 'BOTH', 'stopPrice': '0.00', 'workingType': 'CONTRACT_PRICE', 'priceProtect': False, 'origType': 'MARKET', 'priceMatch': 'NONE', 'selfTradePreventionMode': 'EXPIRE_MAKER', 'goodTillDate': 0, 'updateTime': 1776224324468}
2026-04-15 09:08:42,414 | WARNING | trading_bot.orders | Could not fetch final order status for orderId=13036175662: APIError(code=-2013): Order does not exist.
2026-04-15 09:08:42,414 | INFO | trading_bot.api | POST /order success: {"orderId": 13036175662, "symbol": "BTCUSDT", "side": "BUY", "type": "MARKET", "status": "NEW", "price": "0.00", "origQty": "0.0010", "executedQty": "0.0000", "avgPrice": "0.00", "clientOrderId": "x-Cb7ytekJ368898df4d84d3e33e40c8", "updateTime": 1776224324468}
2026-04-15 09:08:42,416 | INFO | trading_bot.api | Outgoing API response: method=POST path=/order status=200
2026-04-15 09:30:21,758 | INFO | trading_bot.orders | Preparing Binance Futures Testnet order: {'symbol': 'BTCUSDT', 'side': 'BUY', 'type': 'MARKET', 'quantity': 0.001, 'price': None}
2026-04-15 09:30:21,758 | INFO | trading_bot.orders | Binance futures_create_order payload: {'symbol': 'BTCUSDT', 'side': 'BUY', 'type': 'MARKET', 'quantity': '0.001'}
2026-04-15 09:30:26,260 | INFO | trading_bot.orders | Binance futures_create_order response: {'orderId': 13036215567, 'symbol': 'BTCUSDT', 'status': 'NEW', 'clientOrderId': 'x-Cb7ytekJb7c3ce98087a4b109bf1ee', 'price': '0.00', 'avgPrice': '0.00', 'origQty': '0.0010', 'executedQty': '0.0000', 'cumQty': '0.0000', 'cumQuote': '0.000000', 'timeInForce': 'GTC', 'type': 'MARKET', 'reduceOnly': False, 'closePosition': False, 'side': 'BUY', 'positionSide': 'BOTH', 'stopPrice': '0.00', 'workingType': 'CONTRACT_PRICE', 'priceProtect': False, 'origType': 'MARKET', 'priceMatch': 'NONE', 'selfTradePreventionMode': 'EXPIRE_MAKER', 'goodTillDate': 0, 'updateTime': 1776225628838}
2026-04-15 09:30:26,445 | INFO | trading_bot.orders | Binance futures_get_order response: {'orderId': 13036215567, 'symbol': 'BTCUSDT', 'status': 'NEW', 'clientOrderId': 'x-Cb7ytekJb7c3ce98087a4b109bf1ee', 'price': '0.00', 'avgPrice': '0.00', 'origQty': '0.0010', 'executedQty': '0.0000', 'cumQuote': '0.000000', 'timeInForce': 'GTC', 'type': 'MARKET', 'reduceOnly': False, 'closePosition': False, 'side': 'BUY', 'positionSide': 'BOTH', 'stopPrice': '0.00', 'workingType': 'CONTRACT_PRICE', 'priceProtect': False, 'origType': 'MARKET', 'priceMatch': 'NONE', 'selfTradePreventionMode': 'EXPIRE_MAKER', 'goodTillDate': 0, 'time': 1776225628838, 'updateTime': 1776225628838}
2026-04-15 09:32:18,255 | INFO | trading_bot.orders | Preparing Binance Futures Testnet order: {'symbol': 'BTCUSDT', 'side': 'SELL', 'type': 'LIMIT', 'quantity': 0.008, 'price': 65000.0}
2026-04-15 09:32:18,255 | INFO | trading_bot.orders | Binance futures_create_order payload: {'symbol': 'BTCUSDT', 'side': 'SELL', 'type': 'LIMIT', 'quantity': '0.008', 'price': '65000', 'timeInForce': 'GTC'}
2026-04-15 09:32:18,787 | ERROR | trading_bot.orders | Binance API rejected the order.
Traceback (most recent call last):
  File "C:\Users\sanja\OneDrive\Desktop\Binance Test Net\trading_bot\bot\orders.py", line 153, in place_order
    create_response = client.futures_create_order(**payload)
  File "C:\Users\sanja\OneDrive\Desktop\Binance Test Net\trading_bot\.venv\Lib\site-packages\binance\client.py", line 7951, in futures_create_order
    return self._request_futures_api("post", "order", True, data=params)
           ~~~~~~~~~~~~~~~~~~~~~~~~~^^^^^^^^^^^^^^^^^^^^^^^^^^^^^^^^^^^^
  File "C:\Users\sanja\OneDrive\Desktop\Binance Test Net\trading_bot\.venv\Lib\site-packages\binance\client.py", line 144, in _request_futures_api
    return self._request(method, uri, signed, force_params, **kwargs)
           ~~~~~~~~~~~~~^^^^^^^^^^^^^^^^^^^^^^^^^^^^^^^^^^^^^^^^^^^^^
  File "C:\Users\sanja\OneDrive\Desktop\Binance Test Net\trading_bot\.venv\Lib\site-packages\binance\client.py", line 107, in _request
    return self._handle_response(self.response)
           ~~~~~~~~~~~~~~~~~~~~~^^^^^^^^^^^^^^^
  File "C:\Users\sanja\OneDrive\Desktop\Binance Test Net\trading_bot\.venv\Lib\site-packages\binance\client.py", line 116, in _handle_response
    raise BinanceAPIException(response, response.status_code, response.text)
binance.exceptions.BinanceAPIException: APIError(code=-4024): Limit price can't be lower than 70656.25.
2026-04-15 09:32:18,854 | ERROR | trading_bot.ui | UI processing error: Binance API error -4024: Limit price can't be lower than 70656.25.
2026-04-15 09:33:32,010 | INFO | trading_bot.orders | Preparing Binance Futures Testnet order: {'symbol': 'BTCUSDT', 'side': 'SELL', 'type': 'LIMIT', 'quantity': 0.008, 'price': 72000.0}
2026-04-15 09:33:32,011 | INFO | trading_bot.orders | Binance futures_create_order payload: {'symbol': 'BTCUSDT', 'side': 'SELL', 'type': 'LIMIT', 'quantity': '0.008', 'price': '72000', 'timeInForce': 'GTC'}
2026-04-15 09:33:32,529 | INFO | trading_bot.orders | Binance futures_create_order response: {'orderId': 13036219656, 'symbol': 'BTCUSDT', 'status': 'NEW', 'clientOrderId': 'x-Cb7ytekJ7be02f74e403489198a0e4', 'price': '72000.00', 'avgPrice': '0.00', 'origQty': '0.0080', 'executedQty': '0.0000', 'cumQty': '0.0000', 'cumQuote': '0.000000', 'timeInForce': 'GTC', 'type': 'LIMIT', 'reduceOnly': False, 'closePosition': False, 'side': 'SELL', 'positionSide': 'BOTH', 'stopPrice': '0.00', 'workingType': 'CONTRACT_PRICE', 'priceProtect': False, 'origType': 'LIMIT', 'priceMatch': 'NONE', 'selfTradePreventionMode': 'EXPIRE_MAKER', 'goodTillDate': 0, 'updateTime': 1776225815113}
2026-04-15 09:33:33,023 | INFO | trading_bot.orders | Binance futures_get_order response: {'orderId': 13036219656, 'symbol': 'BTCUSDT', 'status': 'FILLED', 'clientOrderId': 'x-Cb7ytekJ7be02f74e403489198a0e4', 'price': '72000.00', 'avgPrice': '74321.300000', 'origQty': '0.0080', 'executedQty': '0.0080', 'cumQuote': '594.570400', 'timeInForce': 'GTC', 'type': 'LIMIT', 'reduceOnly': False, 'closePosition': False, 'side': 'SELL', 'positionSide': 'BOTH', 'stopPrice': '0.00', 'workingType': 'CONTRACT_PRICE', 'priceProtect': False, 'origType': 'LIMIT', 'priceMatch': 'NONE', 'selfTradePreventionMode': 'EXPIRE_MAKER', 'goodTillDate': 0, 'time': 1776225815113, 'updateTime': 1776225815113}
2026-04-15 09:39:05,872 | INFO | trading_bot.api | Incoming API request: method=GET path=/openapi.json body=
2026-04-15 09:39:05,972 | INFO | trading_bot.api | Outgoing API response: method=GET path=/openapi.json status=200
2026-04-15 09:39:06,226 | INFO | trading_bot.api | Incoming API request: method=GET path=/favicon.ico body=
2026-04-15 09:39:06,236 | INFO | trading_bot.api | Outgoing API response: method=GET path=/favicon.ico status=404
2026-04-15 09:58:00,612 | INFO | trading_bot.orders | Preparing Binance Futures Testnet order: {'symbol': 'BTCUSDT', 'side': 'BUY', 'type': 'MARKET', 'quantity': 0.001, 'price': None}
2026-04-15 09:58:00,706 | INFO | trading_bot.orders | Binance futures_create_order payload: {'symbol': 'BTCUSDT', 'side': 'BUY', 'type': 'MARKET', 'quantity': '0.001'}
2026-04-15 09:58:04,935 | INFO | trading_bot.orders | Binance futures_create_order response: {'orderId': 13036250592, 'symbol': 'BTCUSDT', 'status': 'NEW', 'clientOrderId': 'x-Cb7ytekJb946cb31a6981eb3e57614', 'price': '0.00', 'avgPrice': '0.00', 'origQty': '0.0010', 'executedQty': '0.0000', 'cumQty': '0.0000', 'cumQuote': '0.000000', 'timeInForce': 'GTC', 'type': 'MARKET', 'reduceOnly': False, 'closePosition': False, 'side': 'BUY', 'positionSide': 'BOTH', 'stopPrice': '0.00', 'workingType': 'CONTRACT_PRICE', 'priceProtect': False, 'origType': 'MARKET', 'priceMatch': 'NONE', 'selfTradePreventionMode': 'EXPIRE_MAKER', 'goodTillDate': 0, 'updateTime': 1776227287159}
2026-04-15 09:58:05,535 | INFO | trading_bot.orders | Binance futures_get_order response: {'orderId': 13036250592, 'symbol': 'BTCUSDT', 'status': 'FILLED', 'clientOrderId': 'x-Cb7ytekJb946cb31a6981eb3e57614', 'price': '0.00', 'avgPrice': '74278.200000', 'origQty': '0.0010', 'executedQty': '0.0010', 'cumQuote': '74.278200', 'timeInForce': 'GTC', 'type': 'MARKET', 'reduceOnly': False, 'closePosition': False, 'side': 'BUY', 'positionSide': 'BOTH', 'stopPrice': '0.00', 'workingType': 'CONTRACT_PRICE', 'priceProtect': False, 'origType': 'MARKET', 'priceMatch': 'NONE', 'selfTradePreventionMode': 'EXPIRE_MAKER', 'goodTillDate': 0, 'time': 1776227287159, 'updateTime': 1776227287159}
2026-04-15 09:58:33,502 | INFO | trading_bot.api | Incoming API request: method=GET path=/health body=
2026-04-15 09:58:33,734 | INFO | trading_bot.api | Outgoing API response: method=GET path=/health status=200
